2023-09-27 09:38:04,486 INFO org.hibernate.validator.internal.util.Version [background-preinit] HV000001: Hibernate Validator 8.0.1.Final
2023-09-27 09:38:04,546 INFO org.springframework.boot.StartupInfoLogger [restartedMain] Starting TpEcommerceApplication using Java 17.0.8 with PID 12544 (C:\Users\bbeag\Documents\_MonteeComp\TpEcommerce\target\classes started by bbeag in C:\Users\bbeag\Documents\_MonteeComp\TpEcommerce)
2023-09-27 09:38:04,547 DEBUG org.springframework.boot.StartupInfoLogger [restartedMain] Running with Spring Boot v3.1.3, Spring v6.0.11
2023-09-27 09:38:04,548 INFO org.springframework.boot.SpringApplication [restartedMain] No active profile set, falling back to 1 default profile: "default"
2023-09-27 09:38:04,597 INFO org.springframework.boot.logging.DeferredLog [restartedMain] Devtools property defaults active! Set 'spring.devtools.add-properties' to 'false' to disable
2023-09-27 09:38:04,598 INFO org.springframework.boot.logging.DeferredLog [restartedMain] For additional web related logging consider setting the 'logging.level.web' property to 'DEBUG'
2023-09-27 09:38:05,652 INFO org.springframework.data.repository.config.RepositoryConfigurationDelegate [restartedMain] Bootstrapping Spring Data JPA repositories in DEFAULT mode.
2023-09-27 09:38:05,729 INFO org.springframework.data.repository.config.RepositoryConfigurationDelegate [restartedMain] Finished Spring Data repository scanning in 68 ms. Found 6 JPA repository interfaces.
2023-09-27 09:38:06,325 INFO org.springframework.boot.web.embedded.tomcat.TomcatWebServer [restartedMain] Tomcat initialized with port(s): 8080 (http)
2023-09-27 09:38:06,333 INFO org.apache.juli.logging.DirectJDKLog [restartedMain] Initializing ProtocolHandler ["http-nio-8080"]
2023-09-27 09:38:06,335 INFO org.apache.juli.logging.DirectJDKLog [restartedMain] Starting service [Tomcat]
2023-09-27 09:38:06,335 INFO org.apache.juli.logging.DirectJDKLog [restartedMain] Starting Servlet engine: [Apache Tomcat/10.1.12]
2023-09-27 09:38:06,390 INFO org.apache.juli.logging.DirectJDKLog [restartedMain] Initializing Spring embedded WebApplicationContext
2023-09-27 09:38:06,391 INFO org.springframework.boot.web.servlet.context.ServletWebServerApplicationContext [restartedMain] Root WebApplicationContext: initialization completed in 1793 ms
2023-09-27 09:38:06,517 INFO org.hibernate.jpa.internal.util.LogHelper [restartedMain] HHH000204: Processing PersistenceUnitInfo [name: default]
2023-09-27 09:38:06,593 INFO org.hibernate.Version [restartedMain] HHH000412: Hibernate ORM core version 6.2.7.Final
2023-09-27 09:38:06,596 INFO org.hibernate.cfg.Environment [restartedMain] HHH000406: Using bytecode reflection optimizer
2023-09-27 09:38:06,731 INFO org.hibernate.bytecode.internal.BytecodeProviderInitiator [restartedMain] HHH000021: Bytecode provider name : bytebuddy
2023-09-27 09:38:06,878 INFO org.springframework.orm.jpa.persistenceunit.SpringPersistenceUnitInfo [restartedMain] No LoadTimeWeaver setup: ignoring JPA class transformer
2023-09-27 09:38:06,893 INFO com.zaxxer.hikari.HikariDataSource [restartedMain] HikariPool-1 - Starting...
2023-09-27 09:38:07,033 INFO com.zaxxer.hikari.pool.HikariPool [restartedMain] HikariPool-1 - Added connection org.postgresql.jdbc.PgConnection@4c373492
2023-09-27 09:38:07,035 INFO com.zaxxer.hikari.HikariDataSource [restartedMain] HikariPool-1 - Start completed.
2023-09-27 09:38:07,346 INFO org.hibernate.bytecode.internal.BytecodeProviderInitiator [restartedMain] HHH000021: Bytecode provider name : bytebuddy
2023-09-27 09:38:08,003 INFO org.hibernate.engine.transaction.jta.platform.internal.JtaPlatformInitiator [restartedMain] HHH000490: Using JtaPlatform implementation: [org.hibernate.engine.transaction.jta.platform.internal.NoJtaPlatform]
2023-09-27 09:38:08,146 INFO org.springframework.orm.jpa.AbstractEntityManagerFactoryBean [restartedMain] Initialized JPA EntityManagerFactory for persistence unit 'default'
2023-09-27 09:38:08,471 INFO org.springframework.data.jpa.repository.query.QueryEnhancerFactory [restartedMain] Hibernate is in classpath; If applicable, HQL parser will be used.
2023-09-27 09:38:08,820 DEBUG org.springframework.web.filter.GenericFilterBean [restartedMain] Filter 'jwtAuthenticationFilter' configured for use
2023-09-27 09:38:09,083 WARN org.springframework.boot.autoconfigure.orm.jpa.JpaBaseConfiguration$JpaWebConfiguration [restartedMain] spring.jpa.open-in-view is enabled by default. Therefore, database queries may be performed during view rendering. Explicitly configure spring.jpa.open-in-view to disable this warning
2023-09-27 09:38:09,429 INFO org.springframework.security.web.DefaultSecurityFilterChain [restartedMain] Will secure any request with [org.springframework.security.web.session.DisableEncodeUrlFilter@4b33c281, org.springframework.security.web.context.request.async.WebAsyncManagerIntegrationFilter@870b6f1, org.springframework.security.web.context.SecurityContextHolderFilter@5a368395, org.springframework.security.web.header.HeaderWriterFilter@3d88c315, org.springframework.security.web.authentication.logout.LogoutFilter@68b30c0c, com.example.tpecommerce.config.JwtAuthenticationFilter@1ed87047, org.springframework.security.web.savedrequest.RequestCacheAwareFilter@77aca635, org.springframework.security.web.servletapi.SecurityContextHolderAwareRequestFilter@442c04fa, org.springframework.security.web.authentication.AnonymousAuthenticationFilter@2fdfd04e, org.springframework.security.web.session.SessionManagementFilter@10a094fb, org.springframework.security.web.access.ExceptionTranslationFilter@4e8cc5b1, org.springframework.security.web.access.intercept.AuthorizationFilter@3a2f35fb]
2023-09-27 09:38:09,768 INFO org.springframework.boot.devtools.autoconfigure.OptionalLiveReloadServer [restartedMain] LiveReload server is running on port 35729
2023-09-27 09:38:09,785 INFO org.apache.juli.logging.DirectJDKLog [restartedMain] Starting ProtocolHandler ["http-nio-8080"]
2023-09-27 09:38:09,800 INFO org.springframework.boot.web.embedded.tomcat.TomcatWebServer [restartedMain] Tomcat started on port(s): 8080 (http) with context path ''
2023-09-27 09:38:09,808 INFO org.springframework.boot.StartupInfoLogger [restartedMain] Started TpEcommerceApplication in 5.981 seconds (process running for 6.951)
2023-09-27 09:39:27,840 INFO org.apache.juli.logging.DirectJDKLog [http-nio-8080-exec-1] Initializing Spring DispatcherServlet 'dispatcherServlet'
2023-09-27 09:39:27,842 INFO org.springframework.web.servlet.FrameworkServlet [http-nio-8080-exec-1] Initializing Servlet 'dispatcherServlet'
2023-09-27 09:39:27,851 INFO org.springframework.web.servlet.FrameworkServlet [http-nio-8080-exec-1] Completed initialization in 8 ms
2023-09-27 16:37:39,853 INFO org.springframework.orm.jpa.AbstractEntityManagerFactoryBean [SpringApplicationShutdownHook] Closing JPA EntityManagerFactory for persistence unit 'default'
2023-09-27 16:37:39,865 INFO com.zaxxer.hikari.HikariDataSource [SpringApplicationShutdownHook] HikariPool-1 - Shutdown initiated...
2023-09-27 16:37:39,871 INFO com.zaxxer.hikari.HikariDataSource [SpringApplicationShutdownHook] HikariPool-1 - Shutdown completed.
